
  .   ____          _            __ _ _
 /\\ / ___'_ __ _ _(_)_ __  __ _ \ \ \ \
( ( )\___ | '_ | '_| | '_ \/ _` | \ \ \ \
 \\/  ___)| |_)| | | | | || (_| |  ) ) ) )
  '  |____| .__|_| |_|_| |_\__, | / / / /
 =========|_|==============|___/=/_/_/_/

 :: Spring Boot ::                (v3.5.5)

2025-10-08T12:13:38.310-03:00  INFO 92346 --- [           main] c.e.f.FitnessTrackerApplication          : Starting FitnessTrackerApplication v0.0.1-SNAPSHOT using Java 17.0.16 with PID 92346 (/home/tato/IdeaProjects/FitnessTracker/target/FitnessTracker-0.0.1-SNAPSHOT.jar started by tato in /home/tato/IdeaProjects/FitnessTracker)
2025-10-08T12:13:38.313-03:00  INFO 92346 --- [           main] c.e.f.FitnessTrackerApplication          : No active profile set, falling back to 1 default profile: "default"
2025-10-08T12:13:38.999-03:00  INFO 92346 --- [           main] .s.d.r.c.RepositoryConfigurationDelegate : Bootstrapping Spring Data JPA repositories in DEFAULT mode.
2025-10-08T12:13:39.045-03:00  INFO 92346 --- [           main] .s.d.r.c.RepositoryConfigurationDelegate : Finished Spring Data repository scanning in 37 ms. Found 1 JPA repository interface.
2025-10-08T12:13:39.448-03:00  INFO 92346 --- [           main] o.s.b.w.embedded.tomcat.TomcatWebServer  : Tomcat initialized with port 8080 (http)
2025-10-08T12:13:39.459-03:00  INFO 92346 --- [           main] o.apache.catalina.core.StandardService   : Starting service [Tomcat]
2025-10-08T12:13:39.459-03:00  INFO 92346 --- [           main] o.apache.catalina.core.StandardEngine    : Starting Servlet engine: [Apache Tomcat/10.1.44]
2025-10-08T12:13:39.483-03:00  INFO 92346 --- [           main] o.a.c.c.C.[Tomcat].[localhost].[/]       : Initializing Spring embedded WebApplicationContext
2025-10-08T12:13:39.484-03:00  INFO 92346 --- [           main] w.s.c.ServletWebServerApplicationContext : Root WebApplicationContext: initialization completed in 1135 ms
2025-10-08T12:13:39.615-03:00  INFO 92346 --- [           main] o.hibernate.jpa.internal.util.LogHelper  : HHH000204: Processing PersistenceUnitInfo [name: default]
2025-10-08T12:13:39.650-03:00  INFO 92346 --- [           main] org.hibernate.Version                    : HHH000412: Hibernate ORM core version 6.6.26.Final
2025-10-08T12:13:39.672-03:00  INFO 92346 --- [           main] o.h.c.internal.RegionFactoryInitiator    : HHH000026: Second-level cache disabled
2025-10-08T12:13:39.896-03:00  INFO 92346 --- [           main] o.s.o.j.p.SpringPersistenceUnitInfo      : No LoadTimeWeaver setup: ignoring JPA class transformer
2025-10-08T12:13:39.918-03:00  INFO 92346 --- [           main] com.zaxxer.hikari.HikariDataSource       : HikariPool-1 - Starting...
2025-10-08T12:13:40.038-03:00  INFO 92346 --- [           main] com.zaxxer.hikari.pool.HikariPool        : HikariPool-1 - Added connection com.mysql.cj.jdbc.ConnectionImpl@318e3942
2025-10-08T12:13:40.040-03:00  INFO 92346 --- [           main] com.zaxxer.hikari.HikariDataSource       : HikariPool-1 - Start completed.
2025-10-08T12:13:40.068-03:00  WARN 92346 --- [           main] org.hibernate.orm.deprecation            : HHH90000025: MySQL8Dialect does not need to be specified explicitly using 'hibernate.dialect' (remove the property setting and it will be selected by default)
2025-10-08T12:13:40.069-03:00  WARN 92346 --- [           main] org.hibernate.orm.deprecation            : HHH90000026: MySQL8Dialect has been deprecated; use org.hibernate.dialect.MySQLDialect instead
2025-10-08T12:13:40.083-03:00  INFO 92346 --- [           main] org.hibernate.orm.connections.pooling    : HHH10001005: Database info:
	Database JDBC URL [Connecting through datasource 'HikariDataSource (HikariPool-1)']
	Database driver: undefined/unknown
	Database version: 8.0
	Autocommit mode: undefined/unknown
	Isolation level: undefined/unknown
	Minimum pool size: undefined/unknown
	Maximum pool size: undefined/unknown
2025-10-08T12:13:40.706-03:00  INFO 92346 --- [           main] o.h.e.t.j.p.i.JtaPlatformInitiator       : HHH000489: No JTA platform available (set 'hibernate.transaction.jta.platform' to enable JTA platform integration)
Hibernate: alter table users modify column role enum ('ADMIN','TRAINER','USER') not null
2025-10-08T12:13:40.766-03:00  INFO 92346 --- [           main] j.LocalContainerEntityManagerFactoryBean : Initialized JPA EntityManagerFactory for persistence unit 'default'
2025-10-08T12:13:40.939-03:00  INFO 92346 --- [           main] o.s.d.j.r.query.QueryEnhancerFactory     : Hibernate is in classpath; If applicable, HQL parser will be used.
2025-10-08T12:13:41.653-03:00  WARN 92346 --- [           main] JpaBaseConfiguration$JpaWebConfiguration : spring.jpa.open-in-view is enabled by default. Therefore, database queries may be performed during view rendering. Explicitly configure spring.jpa.open-in-view to disable this warning
2025-10-08T12:13:41.676-03:00  WARN 92346 --- [           main] .s.s.UserDetailsServiceAutoConfiguration : 

Using generated security password: d263c8ae-41e3-4288-b76d-2b65ecaed2ff

This generated password is for development use only. Your security configuration must be updated before running your application in production.

2025-10-08T12:13:41.681-03:00  INFO 92346 --- [           main] r$InitializeUserDetailsManagerConfigurer : Global AuthenticationManager configured with UserDetailsService bean with name inMemoryUserDetailsManager
2025-10-08T12:13:41.781-03:00  INFO 92346 --- [           main] o.s.v.b.OptionalValidatorFactoryBean     : Failed to set up a Bean Validation provider: jakarta.validation.NoProviderFoundException: Unable to create a Configuration, because no Jakarta Bean Validation provider could be found. Add a provider like Hibernate Validator (RI) to your classpath.
2025-10-08T12:13:42.102-03:00  INFO 92346 --- [           main] o.s.b.w.embedded.tomcat.TomcatWebServer  : Tomcat started on port 8080 (http) with context path '/'
2025-10-08T12:13:42.115-03:00  INFO 92346 --- [           main] c.e.f.FitnessTrackerApplication          : Started FitnessTrackerApplication in 4.152 seconds (process running for 4.476)
2025-10-08T12:16:51.017-03:00  INFO 92346 --- [ionShutdownHook] o.s.b.w.e.tomcat.GracefulShutdown        : Commencing graceful shutdown. Waiting for active requests to complete
2025-10-08T12:16:51.021-03:00  INFO 92346 --- [tomcat-shutdown] o.s.b.w.e.tomcat.GracefulShutdown        : Graceful shutdown complete
2025-10-08T12:16:51.024-03:00  INFO 92346 --- [ionShutdownHook] j.LocalContainerEntityManagerFactoryBean : Closing JPA EntityManagerFactory for persistence unit 'default'
2025-10-08T12:16:51.026-03:00  INFO 92346 --- [ionShutdownHook] com.zaxxer.hikari.HikariDataSource       : HikariPool-1 - Shutdown initiated...
2025-10-08T12:16:51.031-03:00  INFO 92346 --- [ionShutdownHook] com.zaxxer.hikari.HikariDataSource       : HikariPool-1 - Shutdown completed.
